<?xml version="1.0" encoding="UTF-8"?>
<!-- Generated by org.testng.reporters.JUnitReportReporter -->
<testsuite hostname="Latitude" failures="0" tests="1" name="tests.LoginTest" time="16.782" errors="0" timestamp="26 Mar 2024 20:39:39 GMT" skipped="0">
  <testcase classname="tests.LoginTest" name="login" time="16.782"/>
</testsuite> <!-- tests.LoginTest -->
