<?xml version="1.0" encoding="UTF-8"?>
<!-- Generated by org.testng.reporters.JUnitReportReporter -->
<testsuite hostname="Latitude" failures="0" tests="1" name="pageObjects.TestFour" time="0.001" errors="0" timestamp="2024-03-23T22:57:32 CDT" skipped="0">
  <testcase classname="pageObjects.TestFour" name="TestFourMed" time="0.001"/>
</testsuite> <!-- pageObjects.TestFour -->
