<?xml version="1.0" encoding="UTF-8"?>
<!-- Generated by org.testng.reporters.JUnitReportReporter -->
<testsuite hostname="Latitude" failures="0" tests="1" name="tests.LoginTest" time="17.680" errors="0" timestamp="2024-03-23T22:57:32 CDT" skipped="0">
  <testcase classname="tests.LoginTest" name="login" time="17.680"/>
</testsuite> <!-- tests.LoginTest -->
